<?xml version="1.0" encoding="UTF-8"?>
<coverage generated="1691881265440" clover="3.2.0">
  <project timestamp="1691881265440" name="All files">
    <metrics statements="2" coveredstatements="2" conditionals="4" coveredconditionals="4" methods="2" coveredmethods="2" elements="8" coveredelements="8" complexity="0" loc="2" ncloc="2" packages="1" files="1" classes="1"/>
    <file name="index.js" path="/Users/nikolyazamyatin/04/01/src/index.js">
      <metrics statements="2" coveredstatements="2" conditionals="4" coveredconditionals="4" methods="2" coveredmethods="2"/>
      <line num="2" count="6" type="cond" truecount="2" falsecount="0"/>
      <line num="3" count="3" type="cond" truecount="2" falsecount="0"/>
    </file>
  </project>
</coverage>
