{"/Users/nikolyazamyatin/04/01/src/index.js": {"path":"/Users/nikolyazamyatin/04/01/src/index.js","statementMap":{"0":{"start":{"line":2,"column":14},"end":{"line":2,"column":76}},"1":{"start":{"line":2,"column":47},"end":{"line":2,"column":75}},"2":{"start":{"line":3,"column":2},"end":{"line":3,"column":112}}},"fnMap":{"0":{"name":"statusLive","decl":{"start":{"line":1,"column":24},"end":{"line":1,"column":34}},"loc":{"start":{"line":1,"column":42},"end":{"line":4,"column":1}},"line":1},"1":{"name":"(anonymous_1)","decl":{"start":{"line":2,"column":14},"end":{"line":2,"column":15}},"loc":{"start":{"line":2,"column":47},"end":{"line":2,"column":75}},"line":2}},"branchMap":{"0":{"loc":{"start":{"line":2,"column":47},"end":{"line":2,"column":75}},"type":"cond-expr","locations":[{"start":{"line":2,"column":59},"end":{"line":2,"column":63}},{"start":{"line":2,"column":66},"end":{"line":2,"column":75}}],"line":2},"1":{"loc":{"start":{"line":3,"column":47},"end":{"line":3,"column":86}},"type":"binary-expr","locations":[{"start":{"line":3,"column":47},"end":{"line":3,"column":64}},{"start":{"line":3,"column":68},"end":{"line":3,"column":86}}],"line":3}},"s":{"0":3,"1":6,"2":3},"f":{"0":3,"1":6},"b":{"0":[2,4],"1":[3,2]},"_coverageSchema":"1a1c01bbd47fc00a2c39e90264f33305004495a9","hash":"01903730119b592c860f8af7e13cb8c57257fd4f"}
}
